<?xml version="1.0" encoding="UTF-8"?>
<testng-results ignored="0" total="2" passed="2" failed="0" skipped="0">
  <reporter-output>
  </reporter-output>
  <suite started-at="2025-01-11T23:58:08 IST" name="Default suite" finished-at="2025-01-11T23:58:23 IST" duration-ms="14270">
    <groups>
      <group name="cucumber">
        <method signature="AbstractTestNGCucumberTests.runScenario(io.cucumber.testng.PickleWrapper,io.cucumber.testng.FeatureWrapper)[pri:0, instance:runner.SequentialRunner@231f98ef]" name="runScenario" class="io.cucumber.testng.AbstractTestNGCucumberTests"/>
      </group> <!-- cucumber -->
    </groups>
    <test started-at="2025-01-11T23:58:08 IST" name="Default test" finished-at="2025-01-11T23:58:23 IST" duration-ms="14270">
      <class name="runner.SequentialRunner">
        <test-method is-config="true" signature="setUpClass(org.testng.ITestContext)[pri:0, instance:runner.SequentialRunner@231f98ef]" started-at="2025-01-11T23:58:08 IST" name="setUpClass" finished-at="2025-01-11T23:58:09 IST" duration-ms="471" status="PASS">
          <params>
            <param index="0">
              <value>
                <![CDATA[org.testng.TestRunner@2f3928ac]]>
              </value>
            </param>
          </params>
          <reporter-output>
          </reporter-output>
        </test-method> <!-- setUpClass -->
        <test-method signature="runScenario(io.cucumber.testng.PickleWrapper,io.cucumber.testng.FeatureWrapper)[pri:0, instance:runner.SequentialRunner@231f98ef]" started-at="2025-01-11T23:58:09 IST" name="runScenario" description="Runs Cucumber Scenarios" data-provider="scenarios" finished-at="2025-01-11T23:58:16 IST" duration-ms="7041" status="PASS">
          <params>
            <param index="0">
              <value>
                <![CDATA["Verify About Us Link"]]>
              </value>
            </param>
            <param index="1">
              <value>
                <![CDATA["Sample Screen functionality"]]>
              </value>
            </param>
          </params>
          <reporter-output>
          </reporter-output>
        </test-method> <!-- runScenario -->
        <test-method signature="runScenario(io.cucumber.testng.PickleWrapper,io.cucumber.testng.FeatureWrapper)[pri:0, instance:runner.SequentialRunner@231f98ef]" started-at="2025-01-11T23:58:16 IST" name="runScenario" description="Runs Cucumber Scenarios" data-provider="scenarios" finished-at="2025-01-11T23:58:23 IST" duration-ms="6619" status="PASS">
          <params>
            <param index="0">
              <value>
                <![CDATA["Verify About Us Link"]]>
              </value>
            </param>
            <param index="1">
              <value>
                <![CDATA["Sample Screen functionality"]]>
              </value>
            </param>
          </params>
          <reporter-output>
          </reporter-output>
        </test-method> <!-- runScenario -->
        <test-method is-config="true" signature="tearDownClass()[pri:0, instance:runner.SequentialRunner@231f98ef]" started-at="2025-01-11T23:58:23 IST" name="tearDownClass" finished-at="2025-01-11T23:58:23 IST" duration-ms="100" status="PASS">
          <reporter-output>
          </reporter-output>
        </test-method> <!-- tearDownClass -->
      </class> <!-- runner.SequentialRunner -->
    </test> <!-- Default test -->
  </suite> <!-- Default suite -->
</testng-results>
